<?xml version="1.0" encoding="utf-8"?>
<shfbBuild product="Sandcastle Help File Builder" version="2015.1.12.0" projectFile="C:\Users\Daniel\Desktop\StringExtenstions Documentation.shfbproj" started="4.9.2016 г. 14:10:27 ч.">
<buildStep step="Initializing">
Finding tools...
The Sandcastle tools are located in &#39;D:\Programming\Telerik\C#\5.HQC Part 1\Sandcastle\&#39;
Searching for HTML Help 1 compiler...
Found HTML Help 1 compiler in &#39;C:\Program Files (x86)\HTML Help Workshop\&#39;
Locating components in the following folder(s):
   C:\Users\Daniel\Desktop
Using presentation style &#39;VS2013&#39; located in &#39;D:\Programming\Telerik\C#\5.HQC Part 1\Sandcastle\PresentationStyles\VS2013&#39;
Loading and initializing plug-ins...
Lightweight Website Style Version 2015.1.12.0
Copyright &#169; 2006-2015, Eric Woodruff, All Rights Reserved
Portions Copyright &#169; 2014, Sam Harwell, All Rights Reserved
</buildStep>
<buildStep step="ClearWorkFolder">
Clearing working folder...
</buildStep>
<buildStep step="ValidatingDocumentationSources">
Validating and copying documentation source information
Source: D:\Programming\Telerik\C#\5.HQC Part 1\3.Code Documentation\homework\bin\Debug\StringExtensions.dll
    Found assembly &#39;D:\Programming\Telerik\C#\5.HQC Part 1\3.Code Documentation\homework\bin\Debug\StringExtensions.dll&#39;
Source: D:\Programming\Telerik\C#\5.HQC Part 1\3.Code Documentation\homework\bin\Debug\StringExtensions.XML

Copying XML comments files
    D:\Programming\Telerik\C#\5.HQC Part 1\3.Code Documentation\homework\bin\Debug\StringExtensions.XML -&gt; C:\Users\Daniel\Desktop\HelpFile\StringExtensions.XML
</buildStep>
<buildStep step="GenerateSharedContent">
Generating shared content files (en-US, English (United States))...
<plugIn name="Lightweight Website Style" behavior="After" priority="1000">
</plugIn>    Last step completed in 00:00:00.4870
</buildStep>
<buildStep step="GenerateApiFilter">
Generating API filter for MRefBuilder...
    Last step completed in 00:00:00.0290
</buildStep>
<buildStep step="GenerateReflectionInfo">
Generating reflection information...
[C:\Windows\Microsoft.NET\Framework64\v4.0.30319\MSBuild.exe]
Build started 4.9.2016 Ј. 14:10:34 з..
Project &quot;C:\Users\Daniel\Desktop\HelpFile\GenerateRefInfo.proj&quot; on node 1 (default targets).
PrepareForBuild:
  Creating directory &quot;obj\Debug\&quot;.
GenerateRefInfo:
  MRefBuilder (v2015.1.12.0)
  Copyright c 2006-2015, Microsoft Corporation, All Rights Reserved.
  Portions Copyright c 2006-2014, Eric Woodruff, All Rights Reserved.
  Loaded 1 assemblies for reflection and 1 dependency assemblies.
  Wrote information on 1 namespaces, 1 types, and 16 members
  Copying file from &quot;reflection.org&quot; to &quot;reflection.all&quot;.
  XslTransform (v2015.1.12.0)
  Copyright c 2006-2015, Microsoft Corporation, All Rights Reserved.
  Portions Copyright c 2006-2014, Eric Woodruff, All Rights Reserved.
  Applying XSL transformation &#39;D:\Programming\Telerik\C#\5.HQC Part 1\Sandcastle\ProductionTransforms\MergeDuplicates.xsl&#39;.
Done Building Project &quot;C:\Users\Daniel\Desktop\HelpFile\GenerateRefInfo.proj&quot; (default targets).

Build succeeded.

Time Elapsed 00:00:05.10
    Last step completed in 00:00:06.3924
</buildStep>
<buildStep step="TransformReflectionInfo">
Transforming reflection output...
[C:\Windows\Microsoft.NET\Framework64\v4.0.30319\MSBuild.exe]
Build started 4.9.2016 Ј. 14:10:40 з..
Project &quot;C:\Users\Daniel\Desktop\HelpFile\TransformManifest.proj&quot; on node 1 (default targets).
TransformManifest:
  XslTransform (v2015.1.12.0)
  Copyright c 2006-2015, Microsoft Corporation, All Rights Reserved.
  Portions Copyright c 2006-2014, Eric Woodruff, All Rights Reserved.
  Applying XSL transformation &#39;D:\Programming\Telerik\C#\5.HQC Part 1\Sandcastle\\ProductionTransforms\ApplyVSDocModel.xsl&#39;.
  Copying file from &quot;reflection.xml&quot; to &quot;reflection.nofilenames&quot;.
  XslTransform (v2015.1.12.0)
  Copyright c 2006-2015, Microsoft Corporation, All Rights Reserved.
  Portions Copyright c 2006-2014, Eric Woodruff, All Rights Reserved.
  Applying XSL transformation &#39;D:\Programming\Telerik\C#\5.HQC Part 1\Sandcastle\ProductionTransforms\AddFilenames.xsl&#39;.
  XslTransform (v2015.1.12.0)
  Copyright c 2006-2015, Microsoft Corporation, All Rights Reserved.
  Portions Copyright c 2006-2014, Eric Woodruff, All Rights Reserved.
  Applying XSL transformation &#39;D:\Programming\Telerik\C#\5.HQC Part 1\Sandcastle\ProductionTransforms\ReflectionToManifest.xsl&#39;.
Done Building Project &quot;C:\Users\Daniel\Desktop\HelpFile\TransformManifest.proj&quot; (default targets).

Build succeeded.

Time Elapsed 00:00:03.44
    Last step completed in 00:00:03.7012
</buildStep>
<buildStep step="GenerateNamespaceSummaries">
Generating namespace summary information...
    Last step completed in 00:00:00.1160
</buildStep>
<buildStep step="CopyAdditionalContent">
Copying additional content files...
No additional content to copy
    Last step completed in 00:00:00.0220
</buildStep>
<buildStep step="MergeTablesOfContents">
Merging conceptual and additional tables of contents...
    Last step completed in 00:00:00.0050
</buildStep>
<buildStep step="GenerateIntermediateTableOfContents">
Generating intermediate table of contents file...
[C:\Windows\Microsoft.NET\Framework64\v4.0.30319\MSBuild.exe]
Build started 4.9.2016 Ј. 14:10:44 з..
Project &quot;C:\Users\Daniel\Desktop\HelpFile\GenerateIntermediateTOC.proj&quot; on node 1 (default targets).
GenerateIntermediateTOC:
  XslTransform (v2015.1.12.0)
  Copyright c 2006-2015, Microsoft Corporation, All Rights Reserved.
  Portions Copyright c 2006-2014, Eric Woodruff, All Rights Reserved.
  Applying XSL transformation &#39;D:\Programming\Telerik\C#\5.HQC Part 1\Sandcastle\\ProductionTransforms\CreateVSToc.xsl&#39;.
Done Building Project &quot;C:\Users\Daniel\Desktop\HelpFile\GenerateIntermediateTOC.proj&quot; (default targets).

Build succeeded.

Time Elapsed 00:00:00.60
Generating conceptual content intermediate TOC file...
    Last step completed in 00:00:00.9321
</buildStep>
<buildStep step="CreateBuildAssemblerConfigs">
Creating Sandcastle configuration files...
    sandcastle.config
    Last step completed in 00:00:01.6641
</buildStep>
<buildStep step="MergeCustomConfigs">
Merging custom build component configurations
C:\Users\Daniel\Desktop\HelpFile\sandcastle.config
    Last step completed in 00:00:00.1200
</buildStep>
<buildStep step="BuildReferenceTopics">
Building reference help topics...
[C:\Windows\Microsoft.NET\Framework64\v4.0.30319\MSBuild.exe]
Build started 4.9.2016 Ј. 14:10:46 з..
Project &quot;C:\Users\Daniel\Desktop\HelpFile\BuildReferenceTopics.proj&quot; on node 1 (default targets).
BuildReferenceTopics:
  BuildAssembler (v2015.1.12.0)
  Copyright c 2006-2015, Microsoft Corporation, All Rights Reserved.
  Portions Copyright c 2006-2014, Eric Woodruff, All Rights Reserved.
  Loading configuration...
  ResolveReferenceLinksComponent: The MSDN content ID cache &#39;C:\Users\Daniel\AppData\Local\EWSoftware\Sandcastle Help File Builder\Cache\MsdnContentId.cache&#39; does not exist yet.  All IDs will be looked up in this build which will slow it down.
  Processing topics...
BuildAssembler : warning : ShowMissingComponent: [N:Telerik.ILS.Common] Missing &lt;summary&gt; documentation [C:\Users\Daniel\Desktop\HelpFile\BuildReferenceTopics.proj]
  Processed 19 topic(s)
  1 warning(s)
  CopyFromIndexComponent: &quot;reflection&quot; in-memory cache entries used: 2 of 15.
  CopyFromIndexComponent: &quot;comments&quot; in-memory cache entries used: 1 of 30.
  ResolveReferenceLinksComponent: New MSDN content ID cache size: 8 entries
Done Building Project &quot;C:\Users\Daniel\Desktop\HelpFile\BuildReferenceTopics.proj&quot; (default targets).

Build succeeded.

Time Elapsed 00:00:46.18
    Last step completed in 00:00:46.4747
</buildStep>
<buildStep step="CombiningIntermediateTocFiles">
Combining conceptual and API intermediate TOC files...
    Last step completed in 00:00:00.0060
</buildStep>
<buildStep step="ExtractingHtmlInfo">
Extracting HTML info for HTML Help 1 and/or website...
[C:\Windows\Microsoft.NET\Framework64\v4.0.30319\MSBuild.exe]
Sandcastle Help File Builder, version 2015.1.12.0
Copyright c 2006-2015, Eric Woodruff, All Rights Reserved
E-Mail: Eric@EWoodruff.us

Using LCID &#39;1033&#39;, code page &#39;65001&#39;, encoding charset &#39;UTF-8&#39;.

Processing Help 1 files in C:\Users\Daniel\Desktop\HelpFile\Output\HtmlHelp1
Processed 19 HTML files
Sorting keywords and generating See Also indices
Saving HTML Help 1 keyword index to C:\Users\Daniel\Desktop\HelpFile\Documentation.hhk
Saving HTML Help 1 table of contents to C:\Users\Daniel\Desktop\HelpFile\Documentation.hhc
    Last step completed in 00:00:01.4081
</buildStep>
<buildStep step="CopyStandardHelpContent">
Copying standard help content...
D:\Programming\Telerik\C#\5.HQC Part 1\Sandcastle\PresentationStyles\VS2013\icons\AlertCaution.png -&gt; C:\Users\Daniel\Desktop\HelpFile\Output\HtmlHelp1\icons\AlertCaution.png
D:\Programming\Telerik\C#\5.HQC Part 1\Sandcastle\PresentationStyles\VS2013\icons\AlertNote.png -&gt; C:\Users\Daniel\Desktop\HelpFile\Output\HtmlHelp1\icons\AlertNote.png
D:\Programming\Telerik\C#\5.HQC Part 1\Sandcastle\PresentationStyles\VS2013\icons\AlertSecurity.png -&gt; C:\Users\Daniel\Desktop\HelpFile\Output\HtmlHelp1\icons\AlertSecurity.png
D:\Programming\Telerik\C#\5.HQC Part 1\Sandcastle\PresentationStyles\VS2013\icons\CFW.gif -&gt; C:\Users\Daniel\Desktop\HelpFile\Output\HtmlHelp1\icons\CFW.gif
D:\Programming\Telerik\C#\5.HQC Part 1\Sandcastle\PresentationStyles\VS2013\icons\CodeExample.png -&gt; C:\Users\Daniel\Desktop\HelpFile\Output\HtmlHelp1\icons\CodeExample.png
D:\Programming\Telerik\C#\5.HQC Part 1\Sandcastle\PresentationStyles\VS2013\icons\favicon.ico -&gt; C:\Users\Daniel\Desktop\HelpFile\Output\HtmlHelp1\icons\favicon.ico
D:\Programming\Telerik\C#\5.HQC Part 1\Sandcastle\PresentationStyles\VS2013\icons\privclass.gif -&gt; C:\Users\Daniel\Desktop\HelpFile\Output\HtmlHelp1\icons\privclass.gif
D:\Programming\Telerik\C#\5.HQC Part 1\Sandcastle\PresentationStyles\VS2013\icons\privdelegate.gif -&gt; C:\Users\Daniel\Desktop\HelpFile\Output\HtmlHelp1\icons\privdelegate.gif
D:\Programming\Telerik\C#\5.HQC Part 1\Sandcastle\PresentationStyles\VS2013\icons\privenumeration.gif -&gt; C:\Users\Daniel\Desktop\HelpFile\Output\HtmlHelp1\icons\privenumeration.gif
D:\Programming\Telerik\C#\5.HQC Part 1\Sandcastle\PresentationStyles\VS2013\icons\privevent.gif -&gt; C:\Users\Daniel\Desktop\HelpFile\Output\HtmlHelp1\icons\privevent.gif
D:\Programming\Telerik\C#\5.HQC Part 1\Sandcastle\PresentationStyles\VS2013\icons\privextension.gif -&gt; C:\Users\Daniel\Desktop\HelpFile\Output\HtmlHelp1\icons\privextension.gif
D:\Programming\Telerik\C#\5.HQC Part 1\Sandcastle\PresentationStyles\VS2013\icons\privfield.gif -&gt; C:\Users\Daniel\Desktop\HelpFile\Output\HtmlHelp1\icons\privfield.gif
D:\Programming\Telerik\C#\5.HQC Part 1\Sandcastle\PresentationStyles\VS2013\icons\privinterface.gif -&gt; C:\Users\Daniel\Desktop\HelpFile\Output\HtmlHelp1\icons\privinterface.gif
D:\Programming\Telerik\C#\5.HQC Part 1\Sandcastle\PresentationStyles\VS2013\icons\privmethod.gif -&gt; C:\Users\Daniel\Desktop\HelpFile\Output\HtmlHelp1\icons\privmethod.gif
D:\Programming\Telerik\C#\5.HQC Part 1\Sandcastle\PresentationStyles\VS2013\icons\privproperty.gif -&gt; C:\Users\Daniel\Desktop\HelpFile\Output\HtmlHelp1\icons\privproperty.gif
D:\Programming\Telerik\C#\5.HQC Part 1\Sandcastle\PresentationStyles\VS2013\icons\privstructure.gif -&gt; C:\Users\Daniel\Desktop\HelpFile\Output\HtmlHelp1\icons\privstructure.gif
D:\Programming\Telerik\C#\5.HQC Part 1\Sandcastle\PresentationStyles\VS2013\icons\protclass.gif -&gt; C:\Users\Daniel\Desktop\HelpFile\Output\HtmlHelp1\icons\protclass.gif
D:\Programming\Telerik\C#\5.HQC Part 1\Sandcastle\PresentationStyles\VS2013\icons\protdelegate.gif -&gt; C:\Users\Daniel\Desktop\HelpFile\Output\HtmlHelp1\icons\protdelegate.gif
D:\Programming\Telerik\C#\5.HQC Part 1\Sandcastle\PresentationStyles\VS2013\icons\protenumeration.gif -&gt; C:\Users\Daniel\Desktop\HelpFile\Output\HtmlHelp1\icons\protenumeration.gif
D:\Programming\Telerik\C#\5.HQC Part 1\Sandcastle\PresentationStyles\VS2013\icons\protevent.gif -&gt; C:\Users\Daniel\Desktop\HelpFile\Output\HtmlHelp1\icons\protevent.gif
D:\Programming\Telerik\C#\5.HQC Part 1\Sandcastle\PresentationStyles\VS2013\icons\protextension.gif -&gt; C:\Users\Daniel\Desktop\HelpFile\Output\HtmlHelp1\icons\protextension.gif
D:\Programming\Telerik\C#\5.HQC Part 1\Sandcastle\PresentationStyles\VS2013\icons\protfield.gif -&gt; C:\Users\Daniel\Desktop\HelpFile\Output\HtmlHelp1\icons\protfield.gif
D:\Programming\Telerik\C#\5.HQC Part 1\Sandcastle\PresentationStyles\VS2013\icons\protinterface.gif -&gt; C:\Users\Daniel\Desktop\HelpFile\Output\HtmlHelp1\icons\protinterface.gif
D:\Programming\Telerik\C#\5.HQC Part 1\Sandcastle\PresentationStyles\VS2013\icons\protmethod.gif -&gt; C:\Users\Daniel\Desktop\HelpFile\Output\HtmlHelp1\icons\protmethod.gif
D:\Programming\Telerik\C#\5.HQC Part 1\Sandcastle\PresentationStyles\VS2013\icons\protoperator.gif -&gt; C:\Users\Daniel\Desktop\HelpFile\Output\HtmlHelp1\icons\protoperator.gif
D:\Programming\Telerik\C#\5.HQC Part 1\Sandcastle\PresentationStyles\VS2013\icons\protproperty.gif -&gt; C:\Users\Daniel\Desktop\HelpFile\Output\HtmlHelp1\icons\protproperty.gif
D:\Programming\Telerik\C#\5.HQC Part 1\Sandcastle\PresentationStyles\VS2013\icons\protstructure.gif -&gt; C:\Users\Daniel\Desktop\HelpFile\Output\HtmlHelp1\icons\protstructure.gif
D:\Programming\Telerik\C#\5.HQC Part 1\Sandcastle\PresentationStyles\VS2013\icons\pubclass.gif -&gt; C:\Users\Daniel\Desktop\HelpFile\Output\HtmlHelp1\icons\pubclass.gif
D:\Programming\Telerik\C#\5.HQC Part 1\Sandcastle\PresentationStyles\VS2013\icons\pubdelegate.gif -&gt; C:\Users\Daniel\Desktop\HelpFile\Output\HtmlHelp1\icons\pubdelegate.gif
D:\Programming\Telerik\C#\5.HQC Part 1\Sandcastle\PresentationStyles\VS2013\icons\pubenumeration.gif -&gt; C:\Users\Daniel\Desktop\HelpFile\Output\HtmlHelp1\icons\pubenumeration.gif
D:\Programming\Telerik\C#\5.HQC Part 1\Sandcastle\PresentationStyles\VS2013\icons\pubevent.gif -&gt; C:\Users\Daniel\Desktop\HelpFile\Output\HtmlHelp1\icons\pubevent.gif
D:\Programming\Telerik\C#\5.HQC Part 1\Sandcastle\PresentationStyles\VS2013\icons\pubextension.gif -&gt; C:\Users\Daniel\Desktop\HelpFile\Output\HtmlHelp1\icons\pubextension.gif
D:\Programming\Telerik\C#\5.HQC Part 1\Sandcastle\PresentationStyles\VS2013\icons\pubfield.gif -&gt; C:\Users\Daniel\Desktop\HelpFile\Output\HtmlHelp1\icons\pubfield.gif
D:\Programming\Telerik\C#\5.HQC Part 1\Sandcastle\PresentationStyles\VS2013\icons\pubinterface.gif -&gt; C:\Users\Daniel\Desktop\HelpFile\Output\HtmlHelp1\icons\pubinterface.gif
D:\Programming\Telerik\C#\5.HQC Part 1\Sandcastle\PresentationStyles\VS2013\icons\pubmethod.gif -&gt; C:\Users\Daniel\Desktop\HelpFile\Output\HtmlHelp1\icons\pubmethod.gif
D:\Programming\Telerik\C#\5.HQC Part 1\Sandcastle\PresentationStyles\VS2013\icons\puboperator.gif -&gt; C:\Users\Daniel\Desktop\HelpFile\Output\HtmlHelp1\icons\puboperator.gif
D:\Programming\Telerik\C#\5.HQC Part 1\Sandcastle\PresentationStyles\VS2013\icons\pubproperty.gif -&gt; C:\Users\Daniel\Desktop\HelpFile\Output\HtmlHelp1\icons\pubproperty.gif
D:\Programming\Telerik\C#\5.HQC Part 1\Sandcastle\PresentationStyles\VS2013\icons\pubstructure.gif -&gt; C:\Users\Daniel\Desktop\HelpFile\Output\HtmlHelp1\icons\pubstructure.gif
D:\Programming\Telerik\C#\5.HQC Part 1\Sandcastle\PresentationStyles\VS2013\icons\SectionCollapsed.png -&gt; C:\Users\Daniel\Desktop\HelpFile\Output\HtmlHelp1\icons\SectionCollapsed.png
D:\Programming\Telerik\C#\5.HQC Part 1\Sandcastle\PresentationStyles\VS2013\icons\SectionExpanded.png -&gt; C:\Users\Daniel\Desktop\HelpFile\Output\HtmlHelp1\icons\SectionExpanded.png
D:\Programming\Telerik\C#\5.HQC Part 1\Sandcastle\PresentationStyles\VS2013\icons\slMobile.gif -&gt; C:\Users\Daniel\Desktop\HelpFile\Output\HtmlHelp1\icons\slMobile.gif
D:\Programming\Telerik\C#\5.HQC Part 1\Sandcastle\PresentationStyles\VS2013\icons\static.gif -&gt; C:\Users\Daniel\Desktop\HelpFile\Output\HtmlHelp1\icons\static.gif
D:\Programming\Telerik\C#\5.HQC Part 1\Sandcastle\PresentationStyles\VS2013\icons\xna.gif -&gt; C:\Users\Daniel\Desktop\HelpFile\Output\HtmlHelp1\icons\xna.gif
D:\Programming\Telerik\C#\5.HQC Part 1\Sandcastle\PresentationStyles\VS2013\scripts\branding.js -&gt; C:\Users\Daniel\Desktop\HelpFile\Output\HtmlHelp1\scripts\branding.js
D:\Programming\Telerik\C#\5.HQC Part 1\Sandcastle\PresentationStyles\VS2013\styles\branding-cs-CZ.css -&gt; C:\Users\Daniel\Desktop\HelpFile\Output\HtmlHelp1\styles\branding-cs-CZ.css
D:\Programming\Telerik\C#\5.HQC Part 1\Sandcastle\PresentationStyles\VS2013\styles\branding-de-DE.css -&gt; C:\Users\Daniel\Desktop\HelpFile\Output\HtmlHelp1\styles\branding-de-DE.css
D:\Programming\Telerik\C#\5.HQC Part 1\Sandcastle\PresentationStyles\VS2013\styles\branding-en-US.css -&gt; C:\Users\Daniel\Desktop\HelpFile\Output\HtmlHelp1\styles\branding-en-US.css
D:\Programming\Telerik\C#\5.HQC Part 1\Sandcastle\PresentationStyles\VS2013\styles\branding-es-ES.css -&gt; C:\Users\Daniel\Desktop\HelpFile\Output\HtmlHelp1\styles\branding-es-ES.css
D:\Programming\Telerik\C#\5.HQC Part 1\Sandcastle\PresentationStyles\VS2013\styles\branding-fr-FR.css -&gt; C:\Users\Daniel\Desktop\HelpFile\Output\HtmlHelp1\styles\branding-fr-FR.css
D:\Programming\Telerik\C#\5.HQC Part 1\Sandcastle\PresentationStyles\VS2013\styles\branding-Help1.css -&gt; C:\Users\Daniel\Desktop\HelpFile\Output\HtmlHelp1\styles\branding-Help1.css
D:\Programming\Telerik\C#\5.HQC Part 1\Sandcastle\PresentationStyles\VS2013\styles\branding-Help2.css -&gt; C:\Users\Daniel\Desktop\HelpFile\Output\HtmlHelp1\styles\branding-Help2.css
D:\Programming\Telerik\C#\5.HQC Part 1\Sandcastle\PresentationStyles\VS2013\styles\branding-HelpViewer.css -&gt; C:\Users\Daniel\Desktop\HelpFile\Output\HtmlHelp1\styles\branding-HelpViewer.css
D:\Programming\Telerik\C#\5.HQC Part 1\Sandcastle\PresentationStyles\VS2013\styles\branding-it-IT.css -&gt; C:\Users\Daniel\Desktop\HelpFile\Output\HtmlHelp1\styles\branding-it-IT.css
D:\Programming\Telerik\C#\5.HQC Part 1\Sandcastle\PresentationStyles\VS2013\styles\branding-ja-JP.css -&gt; C:\Users\Daniel\Desktop\HelpFile\Output\HtmlHelp1\styles\branding-ja-JP.css
D:\Programming\Telerik\C#\5.HQC Part 1\Sandcastle\PresentationStyles\VS2013\styles\branding-ko-KR.css -&gt; C:\Users\Daniel\Desktop\HelpFile\Output\HtmlHelp1\styles\branding-ko-KR.css
D:\Programming\Telerik\C#\5.HQC Part 1\Sandcastle\PresentationStyles\VS2013\styles\branding-pl-PL.css -&gt; C:\Users\Daniel\Desktop\HelpFile\Output\HtmlHelp1\styles\branding-pl-PL.css
D:\Programming\Telerik\C#\5.HQC Part 1\Sandcastle\PresentationStyles\VS2013\styles\branding-pt-BR.css -&gt; C:\Users\Daniel\Desktop\HelpFile\Output\HtmlHelp1\styles\branding-pt-BR.css
D:\Programming\Telerik\C#\5.HQC Part 1\Sandcastle\PresentationStyles\VS2013\styles\branding-ru-RU.css -&gt; C:\Users\Daniel\Desktop\HelpFile\Output\HtmlHelp1\styles\branding-ru-RU.css
D:\Programming\Telerik\C#\5.HQC Part 1\Sandcastle\PresentationStyles\VS2013\styles\branding-tr-TR.css -&gt; C:\Users\Daniel\Desktop\HelpFile\Output\HtmlHelp1\styles\branding-tr-TR.css
D:\Programming\Telerik\C#\5.HQC Part 1\Sandcastle\PresentationStyles\VS2013\styles\branding-Website.css -&gt; C:\Users\Daniel\Desktop\HelpFile\Output\HtmlHelp1\styles\branding-Website.css
D:\Programming\Telerik\C#\5.HQC Part 1\Sandcastle\PresentationStyles\VS2013\styles\branding-zh-CN.css -&gt; C:\Users\Daniel\Desktop\HelpFile\Output\HtmlHelp1\styles\branding-zh-CN.css
D:\Programming\Telerik\C#\5.HQC Part 1\Sandcastle\PresentationStyles\VS2013\styles\branding-zh-TW.css -&gt; C:\Users\Daniel\Desktop\HelpFile\Output\HtmlHelp1\styles\branding-zh-TW.css
D:\Programming\Telerik\C#\5.HQC Part 1\Sandcastle\PresentationStyles\VS2013\styles\branding.css -&gt; C:\Users\Daniel\Desktop\HelpFile\Output\HtmlHelp1\styles\branding.css
    Last step completed in 00:00:02.3571
</buildStep>
<buildStep step="GenerateHelpFormatTableOfContents">
Generating HTML Help 1 table of contents file...
    Last step completed in 00:00:00.0060
</buildStep>
<buildStep step="GenerateHelpFileIndex">
Generating HTML Help 1 index file...
    Last step completed in 00:00:00.0050
</buildStep>
<buildStep step="GenerateHelpProject">
Generating HTML Help 1 project file...
    Last step completed in 00:00:00.1250
</buildStep>
<buildStep step="CompilingHelpFile">
Compiling HTML Help 1 file...
[C:\Windows\Microsoft.NET\Framework64\v4.0.30319\MSBuild.exe]
  Microsoft HTML Help Compiler 4.74.8702
  
  
  
  Compiling c:\Users\Daniel\Desktop\HelpFile\Output\HtmlHelp1\Documentation.chm
  
  
  
  
  
  Compile time: 0 minutes, 3 seconds
  
  21	Topics
  
  198	Local links
  
  85	Internet links
  
  0	Graphics
  
  
  
  
  
  Created c:\Users\Daniel\Desktop\HelpFile\Output\HtmlHelp1\Documentation.chm, 69,527 bytes
  
  Compression decreased file by 186,509 bytes.
  
    Last step completed in 00:00:06.2884
</buildStep>
<buildStep step="CleanIntermediates">
Removing intermediate files...
    Last step completed in 00:00:00.2740
</buildStep>
<buildStep step="Completed">

Build completed successfully at 4.9.2016 г. 14:11:43 ч..  Total time: 00:01:16.3104

</buildStep>
</shfbBuild>
